<?xml version="1.0" encoding="UTF-8"?>
<testsuite xmlns:xsi="http://www.w3.org/2001/XMLSchema-instance" xsi:noNamespaceSchemaLocation="https://maven.apache.org/surefire/maven-surefire-plugin/xsd/surefire-test-report.xsd" version="3.0.2" name="com.swiftref.swiftref.SwiftrefApplicationTests" time="8.485" tests="1" errors="0" skipped="0" failures="0">
  <properties>
[...]
</properties>
  <testcase name="contextLoads" classname="com.swiftref.swiftref.SwiftrefApplicationTests" time="0.605">
    <system-out><![CDATA[22:34:42.494 [main] INFO org.springframework.test.context.support.AnnotationConfigContextLoaderUtils -- Could not detect default configuration classes for test class [com.swiftref.swiftref.SwiftrefApplicationTests]: SwiftrefApplicationTests does not declare any static, non-private, non-final, nested classes annotated with @Configuration.
22:34:42.649 [main] INFO org.springframework.boot.test.context.SpringBootTestContextBootstrapper -- Found @SpringBootConfiguration com.swiftref.Main for test class com.swiftref.swiftref.SwiftrefApplicationTests

  .   ____          _            __ _ _
 /\\ / ___'_ __ _ _(_)_ __  __ _ \ \ \ \
( ( )\___ | '_ | '_| | '_ \/ _` | \ \ \ \
 \\/  ___)| |_)| | | | | || (_| |  ) ) ) )
  '  |____| .__|_| |_|_| |_\__, | / / / /
 =========|_|==============|___/=/_/_/_/

 :: Spring Boot ::                (v3.4.3)

2025-04-13T22:34:43.111+03:00  WARN 5826 --- [swiftref] [           main] ory$DuplicateJsonObjectContextCustomizer : 

Found multiple occurrences of org.json.JSONObject on the class path:

	jar:file:/Users/muradshahin/.m2/repository/org/json/json/20250107/json-20250107.jar!/org/json/JSONObject.class
	jar:file:/Users/muradshahin/.m2/repository/com/vaadin/external/google/android-json/0.0.20131108.vaadin1/android-json-0.0.20131108.vaadin1.jar!/org/json/JSONObject.class

You may wish to exclude one of them to ensure predictable runtime behavior

2025-04-13T22:34:43.130+03:00  INFO 5826 --- [swiftref] [           main] c.s.swiftref.SwiftrefApplicationTests    : Starting SwiftrefApplicationTests using Java 23.0.2 with PID 5826 (started by muradshahin in /Users/muradshahin/Downloads/template)
2025-04-13T22:34:43.131+03:00  INFO 5826 --- [swiftref] [           main] c.s.swiftref.SwiftrefApplicationTests    : The following 1 profile is active: "dev"
2025-04-13T22:34:44.457+03:00  INFO 5826 --- [swiftref] [           main] .s.d.r.c.RepositoryConfigurationDelegate : Bootstrapping Spring Data JPA repositories in DEFAULT mode.
2025-04-13T22:34:44.539+03:00  INFO 5826 --- [swiftref] [           main] .s.d.r.c.RepositoryConfigurationDelegate : Finished Spring Data repository scanning in 63 ms. Found 1 JPA repository interface.
2025-04-13T22:34:45.754+03:00  INFO 5826 --- [swiftref] [           main] o.f.c.internal.license.VersionPrinter    : Flyway Community Edition 9.5.1 by Redgate
2025-04-13T22:34:45.755+03:00  INFO 5826 --- [swiftref] [           main] o.f.c.internal.license.VersionPrinter    : See what's new here: https://flywaydb.org/documentation/learnmore/releaseNotes#9.5.1
2025-04-13T22:34:45.755+03:00  INFO 5826 --- [swiftref] [           main] o.f.c.internal.license.VersionPrinter    : 
2025-04-13T22:34:45.771+03:00  INFO 5826 --- [swiftref] [           main] com.zaxxer.hikari.HikariDataSource       : HikariPool-1 - Starting...
2025-04-13T22:34:46.206+03:00  INFO 5826 --- [swiftref] [           main] com.zaxxer.hikari.pool.HikariPool        : HikariPool-1 - Added connection org.postgresql.jdbc.PgConnection@cec590c
2025-04-13T22:34:46.208+03:00  INFO 5826 --- [swiftref] [           main] com.zaxxer.hikari.HikariDataSource       : HikariPool-1 - Start completed.
2025-04-13T22:34:46.237+03:00  INFO 5826 --- [swiftref] [           main] o.f.c.i.database.base.BaseDatabaseType   : Database: jdbc:postgresql://localhost:5432/postgres (PostgreSQL 14.8)
2025-04-13T22:34:46.306+03:00  INFO 5826 --- [swiftref] [           main] o.f.core.internal.command.DbValidate     : Successfully validated 1 migration (execution time 00:00.037s)
2025-04-13T22:34:46.412+03:00  INFO 5826 --- [swiftref] [           main] o.f.core.internal.command.DbMigrate      : Current version of schema "public": 1
2025-04-13T22:34:46.415+03:00  INFO 5826 --- [swiftref] [           main] o.f.core.internal.command.DbMigrate      : Schema "public" is up to date. No migration necessary.
2025-04-13T22:34:46.615+03:00  INFO 5826 --- [swiftref] [           main] o.hibernate.jpa.internal.util.LogHelper  : HHH000204: Processing PersistenceUnitInfo [name: default]
2025-04-13T22:34:46.698+03:00  INFO 5826 --- [swiftref] [           main] org.hibernate.Version                    : HHH000412: Hibernate ORM core version 6.6.8.Final
2025-04-13T22:34:46.748+03:00  INFO 5826 --- [swiftref] [           main] o.h.c.internal.RegionFactoryInitiator    : HHH000026: Second-level cache disabled
2025-04-13T22:34:47.144+03:00  INFO 5826 --- [swiftref] [           main] o.s.o.j.p.SpringPersistenceUnitInfo      : No LoadTimeWeaver setup: ignoring JPA class transformer
2025-04-13T22:34:47.266+03:00  INFO 5826 --- [swiftref] [           main] org.hibernate.orm.connections.pooling    : HHH10001005: Database info:
	Database JDBC URL [Connecting through datasource 'HikariDataSource (HikariPool-1)']
	Database driver: undefined/unknown
	Database version: 14.8
	Autocommit mode: undefined/unknown
	Isolation level: undefined/unknown
	Minimum pool size: undefined/unknown
	Maximum pool size: undefined/unknown
2025-04-13T22:34:48.153+03:00  INFO 5826 --- [swiftref] [           main] o.h.e.t.j.p.i.JtaPlatformInitiator       : HHH000489: No JTA platform available (set 'hibernate.transaction.jta.platform' to enable JTA platform integration)
2025-04-13T22:34:48.157+03:00  INFO 5826 --- [swiftref] [           main] j.LocalContainerEntityManagerFactoryBean : Initialized JPA EntityManagerFactory for persistence unit 'default'
2025-04-13T22:34:48.922+03:00  INFO 5826 --- [swiftref] [           main] com.swiftref.utils.RequestHelper         : Before building the requestnull
2025-04-13T22:34:49.175+03:00  WARN 5826 --- [swiftref] [           main] JpaBaseConfiguration$JpaWebConfiguration : spring.jpa.open-in-view is enabled by default. Therefore, database queries may be performed during view rendering. Explicitly configure spring.jpa.open-in-view to disable this warning
2025-04-13T22:34:49.236+03:00  INFO 5826 --- [swiftref] [           main] o.s.v.b.OptionalValidatorFactoryBean     : Failed to set up a Bean Validation provider: jakarta.validation.NoProviderFoundException: Unable to create a Configuration, because no Jakarta Bean Validation provider could be found. Add a provider like Hibernate Validator (RI) to your classpath.
2025-04-13T22:34:49.940+03:00  INFO 5826 --- [swiftref] [           main] o.s.b.a.e.web.EndpointLinksResolver      : Exposing 1 endpoint beneath base path '/actuator'
2025-04-13T22:34:50.028+03:00  INFO 5826 --- [swiftref] [           main] c.s.swiftref.SwiftrefApplicationTests    : Started SwiftrefApplicationTests in 7.201 seconds (process running for 8.686)
]]></system-out>
    <system-err><![CDATA[Mockito is currently self-attaching to enable the inline-mock-maker. This will no longer work in future releases of the JDK. Please add Mockito as an agent to your build what is described in Mockito's documentation: https://javadoc.io/doc/org.mockito/mockito-core/latest/org/mockito/Mockito.html#0.3
WARNING: A Java agent has been loaded dynamically (/Users/muradshahin/.m2/repository/net/bytebuddy/byte-buddy-agent/1.15.11/byte-buddy-agent-1.15.11.jar)
WARNING: If a serviceability tool is in use, please run with -XX:+EnableDynamicAgentLoading to hide this warning
WARNING: If a serviceability tool is not in use, please run with -Djdk.instrument.traceUsage for more information
WARNING: Dynamic loading of agents will be disallowed by default in a future release
]]></system-err>
  </testcase>
</testsuite>